2021-03-19 18:09:24,739:INFO:PyCaret Supervised Module
2021-03-19 18:09:24,740:INFO:ML Usecase: classification
2021-03-19 18:09:24,740:INFO:version 2.3.0
2021-03-19 18:09:24,740:INFO:Initializing setup()
2021-03-19 18:09:24,741:INFO:setup(target=default, ml_usecase=classification, available_plots={'parameter': 'Hyperparameters', 'auc': 'AUC', 'confusion_matrix': 'Confusion Matrix', 'threshold': 'Threshold', 'pr': 'Precision Recall', 'error': 'Prediction Error', 'class_report': 'Class Report', 'rfe': 'Feature Selection', 'learning': 'Learning Curve', 'manifold': 'Manifold Learning', 'calibration': 'Calibration Curve', 'vc': 'Validation Curve', 'dimension': 'Dimensions', 'feature': 'Feature Importance', 'feature_all': 'Feature Importance (All)', 'boundary': 'Decision Boundary', 'lift': 'Lift Chart', 'gain': 'Gain Chart', 'tree': 'Decision Tree'}, train_size=0.7, test_data=None, preprocess=True, imputation_type=simple, iterative_imputation_iters=5, categorical_features=None, categorical_imputation=constant, categorical_iterative_imputer=lightgbm, ordinal_features=None, high_cardinality_features=None, high_cardinality_method=frequency, numeric_features=None, numeric_imputation=mean, numeric_iterative_imputer=lightgbm, date_features=None, ignore_features=None, normalize=False, normalize_method=zscore, transformation=False, transformation_method=yeo-johnson, handle_unknown_categorical=True, unknown_categorical_method=least_frequent, pca=False, pca_method=linear, pca_components=None, ignore_low_variance=False, combine_rare_levels=False, rare_level_threshold=0.1, bin_numeric_features=None, remove_outliers=False, outliers_threshold=0.05, remove_multicollinearity=False, multicollinearity_threshold=0.9, remove_perfect_collinearity=True, create_clusters=False, cluster_iter=20, polynomial_features=False, polynomial_degree=2, trigonometry_features=False, polynomial_threshold=0.1, group_features=None, group_names=None, feature_selection=False, feature_selection_threshold=0.8, feature_selection_method=classic, feature_interaction=False, feature_ratio=False, interaction_threshold=0.01, fix_imbalance=False, fix_imbalance_method=None, transform_target=False, transform_target_method=box-cox, data_split_shuffle=True, data_split_stratify=False, fold_strategy=stratifiedkfold, fold=10, fold_shuffle=False, fold_groups=None, n_jobs=-1, use_gpu=False, custom_pipeline=None, html=True, session_id=123, log_experiment=False, experiment_name=None, log_plots=False, log_profile=False, log_data=False, silent=False, verbose=True, profile=False, profile_kwargs=None, display=None)
2021-03-19 18:09:24,741:INFO:Checking environment
2021-03-19 18:09:24,741:INFO:python_version: 3.8.5
2021-03-19 18:09:24,741:INFO:python_build: ('default', 'Sep  3 2020 21:29:08')
2021-03-19 18:09:24,742:INFO:machine: AMD64
2021-03-19 18:09:24,745:INFO:platform: Windows-10-10.0.19041-SP0
2021-03-19 18:09:24,745:INFO:Memory: svmem(total=16745943040, available=8375857152, percent=50.0, used=8370085888, free=8375857152)
2021-03-19 18:09:24,745:INFO:Physical Core: 4
2021-03-19 18:09:24,745:INFO:Logical Core: 8
2021-03-19 18:09:24,746:INFO:Checking libraries
2021-03-19 18:09:24,746:INFO:pd==1.2.3
2021-03-19 18:09:24,746:INFO:numpy==1.19.5
2021-03-19 18:09:24,746:INFO:sklearn==0.23.2
2021-03-19 18:09:24,746:INFO:lightgbm==3.1.1
2021-03-19 18:09:24,748:WARNING:catboost not found
2021-03-19 18:09:24,935:INFO:xgboost==1.3.1
2021-03-19 18:09:25,532:INFO:mlflow==1.14.1
2021-03-19 18:09:25,533:INFO:Checking Exceptions
2021-03-19 18:09:54,142:INFO:Initializing compare_models()
2021-03-19 18:09:54,142:INFO:compare_models(include=None, fold=None, round=4, cross_validation=True, sort=Accuracy, n_select=1, budget_time=None, turbo=True, errors=ignore, fit_kwargs=None, groups=None, verbose=True, display=None, exclude=None)
2021-03-19 18:09:54,148:INFO:Checking exceptions
2021-03-20 10:58:52,745:INFO:PyCaret Supervised Module
2021-03-20 10:58:52,751:INFO:ML Usecase: classification
2021-03-20 10:58:52,751:INFO:version 2.3.0
2021-03-20 10:58:52,751:INFO:Initializing setup()
2021-03-20 10:58:52,751:INFO:setup(display=None, profile_kwargs=None, profile=False, verbose=True, silent=False, log_data=False, log_profile=False, log_plots=False, experiment_name=None, log_experiment=False, session_id=123, html=True, custom_pipeline=None, use_gpu=False, n_jobs=-1, fold_groups=None, fold_shuffle=False, fold=10, fold_strategy=stratifiedkfold, data_split_stratify=False, data_split_shuffle=True, transform_target_method=box-cox, transform_target=False, fix_imbalance_method=None, fix_imbalance=False, interaction_threshold=0.01, feature_ratio=False, feature_interaction=False, feature_selection_method=classic, feature_selection_threshold=0.8, feature_selection=False, group_names=None, group_features=None, polynomial_threshold=0.1, trigonometry_features=False, polynomial_degree=2, polynomial_features=False, cluster_iter=20, create_clusters=False, remove_perfect_collinearity=True, multicollinearity_threshold=0.9, remove_multicollinearity=False, outliers_threshold=0.05, remove_outliers=False, bin_numeric_features=None, rare_level_threshold=0.1, combine_rare_levels=False, ignore_low_variance=False, pca_components=None, pca_method=linear, pca=False, unknown_categorical_method=least_frequent, handle_unknown_categorical=True, transformation_method=yeo-johnson, transformation=False, normalize_method=zscore, normalize=False, ignore_features=None, date_features=None, numeric_iterative_imputer=lightgbm, numeric_imputation=mean, numeric_features=None, high_cardinality_method=frequency, high_cardinality_features=None, ordinal_features=None, categorical_iterative_imputer=lightgbm, categorical_imputation=constant, categorical_features=None, iterative_imputation_iters=5, imputation_type=simple, preprocess=True, test_data=None, train_size=0.7, available_plots={'parameter': 'Hyperparameters', 'auc': 'AUC', 'confusion_matrix': 'Confusion Matrix', 'threshold': 'Threshold', 'pr': 'Precision Recall', 'error': 'Prediction Error', 'class_report': 'Class Report', 'rfe': 'Feature Selection', 'learning': 'Learning Curve', 'manifold': 'Manifold Learning', 'calibration': 'Calibration Curve', 'vc': 'Validation Curve', 'dimension': 'Dimensions', 'feature': 'Feature Importance', 'feature_all': 'Feature Importance (All)', 'boundary': 'Decision Boundary', 'lift': 'Lift Chart', 'gain': 'Gain Chart', 'tree': 'Decision Tree'}, ml_usecase=classification, target=default)
2021-03-20 10:58:52,752:INFO:Checking environment
2021-03-20 10:58:52,752:INFO:python_version: 3.6.13
2021-03-20 10:58:52,752:INFO:python_build: ('default', 'Mar 16 2021 11:37:27')
2021-03-20 10:58:52,752:INFO:machine: AMD64
2021-03-20 10:58:52,753:INFO:platform: Windows-10-10.0.19041-SP0
2021-03-20 10:58:52,753:INFO:Memory: svmem(total=16745943040, available=8852971520, percent=47.1, used=7892971520, free=8852971520)
2021-03-20 10:58:52,753:INFO:Physical Core: 4
2021-03-20 10:58:52,754:INFO:Logical Core: 8
2021-03-20 10:58:52,754:INFO:Checking libraries
2021-03-20 10:58:52,754:INFO:pd==1.1.5
2021-03-20 10:58:52,754:INFO:numpy==1.19.5
2021-03-20 10:58:52,754:INFO:sklearn==0.23.2
2021-03-20 10:58:52,754:INFO:lightgbm==3.1.1
2021-03-20 10:58:52,783:INFO:catboost==0.24.4
2021-03-20 10:58:52,815:INFO:xgboost==1.3.3
2021-03-20 10:58:53,153:INFO:mlflow==1.14.1
2021-03-20 10:58:53,153:INFO:Checking Exceptions
2021-03-20 11:45:41,853:INFO:PyCaret Supervised Module
2021-03-20 11:45:41,854:INFO:ML Usecase: classification
2021-03-20 11:45:41,855:INFO:version 2.3.0
2021-03-20 11:45:41,855:INFO:Initializing setup()
2021-03-20 11:45:41,855:INFO:setup(display=None, profile_kwargs=None, profile=False, verbose=True, silent=False, log_data=False, log_profile=False, log_plots=False, experiment_name=None, log_experiment=False, session_id=123, html=True, custom_pipeline=None, use_gpu=False, n_jobs=-1, fold_groups=None, fold_shuffle=False, fold=10, fold_strategy=stratifiedkfold, data_split_stratify=False, data_split_shuffle=True, transform_target_method=box-cox, transform_target=False, fix_imbalance_method=None, fix_imbalance=False, interaction_threshold=0.01, feature_ratio=False, feature_interaction=False, feature_selection_method=classic, feature_selection_threshold=0.8, feature_selection=False, group_names=None, group_features=None, polynomial_threshold=0.1, trigonometry_features=False, polynomial_degree=2, polynomial_features=False, cluster_iter=20, create_clusters=False, remove_perfect_collinearity=True, multicollinearity_threshold=0.9, remove_multicollinearity=False, outliers_threshold=0.05, remove_outliers=False, bin_numeric_features=None, rare_level_threshold=0.1, combine_rare_levels=False, ignore_low_variance=False, pca_components=None, pca_method=linear, pca=False, unknown_categorical_method=least_frequent, handle_unknown_categorical=True, transformation_method=yeo-johnson, transformation=False, normalize_method=zscore, normalize=False, ignore_features=None, date_features=None, numeric_iterative_imputer=lightgbm, numeric_imputation=mean, numeric_features=None, high_cardinality_method=frequency, high_cardinality_features=None, ordinal_features=None, categorical_iterative_imputer=lightgbm, categorical_imputation=constant, categorical_features=None, iterative_imputation_iters=5, imputation_type=simple, preprocess=True, test_data=None, train_size=0.7, available_plots={'parameter': 'Hyperparameters', 'auc': 'AUC', 'confusion_matrix': 'Confusion Matrix', 'threshold': 'Threshold', 'pr': 'Precision Recall', 'error': 'Prediction Error', 'class_report': 'Class Report', 'rfe': 'Feature Selection', 'learning': 'Learning Curve', 'manifold': 'Manifold Learning', 'calibration': 'Calibration Curve', 'vc': 'Validation Curve', 'dimension': 'Dimensions', 'feature': 'Feature Importance', 'feature_all': 'Feature Importance (All)', 'boundary': 'Decision Boundary', 'lift': 'Lift Chart', 'gain': 'Gain Chart', 'tree': 'Decision Tree'}, ml_usecase=classification, target=default)
2021-03-20 11:45:41,855:INFO:Checking environment
2021-03-20 11:45:41,855:INFO:python_version: 3.6.13
2021-03-20 11:45:41,855:INFO:python_build: ('default', 'Mar 16 2021 11:37:27')
2021-03-20 11:45:41,856:INFO:machine: AMD64
2021-03-20 11:45:41,856:INFO:platform: Windows-10-10.0.19041-SP0
2021-03-20 11:45:41,856:INFO:Memory: svmem(total=16745943040, available=8409313280, percent=49.8, used=8336629760, free=8409313280)
2021-03-20 11:45:41,856:INFO:Physical Core: 4
2021-03-20 11:45:41,856:INFO:Logical Core: 8
2021-03-20 11:45:41,856:INFO:Checking libraries
2021-03-20 11:45:41,856:INFO:pd==1.1.5
2021-03-20 11:45:41,856:INFO:numpy==1.19.5
2021-03-20 11:45:41,856:INFO:sklearn==0.23.2
2021-03-20 11:45:41,856:INFO:lightgbm==3.1.1
2021-03-20 11:45:41,856:INFO:catboost==0.24.4
2021-03-20 11:45:41,856:INFO:xgboost==1.3.3
2021-03-20 11:45:41,856:INFO:mlflow==1.14.1
2021-03-20 11:45:41,856:INFO:Checking Exceptions
2021-03-20 11:45:41,856:INFO:Declaring global variables
2021-03-20 11:45:41,856:INFO:USI: bc6c
2021-03-20 11:45:41,856:INFO:pycaret_globals: {'logging_param', 'exp_name_log', 'stratify_param', 'USI', 'y_test', '_gpu_n_jobs_param', 'experiment__', 'iterative_imputation_iters_param', '_internal_pipeline', 'n_jobs_param', 'y_train', 'X', 'seed', 'log_plots_param', 'gpu_param', 'html_param', 'X_train', '_all_models', 'imputation_regressor', 'fix_imbalance_param', 'fix_imbalance_method_param', 'transform_target_param', '_available_plots', 'target_param', 'master_model_container', 'create_model_container', 'fold_param', 'transform_target_method_param', 'prep_pipe', 'imputation_classifier', '_ml_usecase', '_all_metrics', 'data_before_preprocess', 'fold_shuffle_param', 'pycaret_globals', 'y', 'X_test', 'display_container', 'fold_groups_param', 'fold_generator', '_all_models_internal'}
2021-03-20 11:45:41,857:INFO:Preparing display monitor
2021-03-20 11:45:41,857:INFO:Preparing display monitor
2021-03-20 11:45:41,890:INFO:Importing libraries
2021-03-20 11:45:41,890:INFO:Copying data for preprocessing
2021-03-20 11:45:41,902:INFO:Declaring preprocessing parameters
2021-03-20 11:45:41,907:INFO:Creating preprocessing pipeline
2021-03-20 11:45:42,019:INFO:Preprocessing pipeline created successfully
2021-03-20 11:45:42,019:ERROR:(Process Exit): setup has been interupted with user command 'quit'. setup must rerun.
2021-03-20 11:45:42,019:INFO:Creating global containers
2021-03-20 11:45:42,021:INFO:Internal pipeline: Pipeline(memory=None, steps=[('empty_step', 'passthrough')], verbose=False)
2021-03-20 11:45:46,400:INFO:Creating grid variables
2021-03-20 11:45:46,424:INFO:create_model_container: 0
2021-03-20 11:45:46,424:INFO:master_model_container: 0
2021-03-20 11:45:46,424:INFO:display_container: 1
2021-03-20 11:45:46,431:INFO:Pipeline(memory=None,
         steps=[('dtypes',
                 DataTypes_Auto_infer(categorical_features=[],
                                      display_types=True, features_todrop=[],
                                      id_columns=[],
                                      ml_usecase='classification',
                                      numerical_features=[], target='default',
                                      time_features=[])),
                ('imputer',
                 Simple_Imputer(categorical_strategy='not_available',
                                fill_value_categorical=None,
                                fill_value_numerical=None,
                                numeric_stra...
                ('scaling', 'passthrough'), ('P_transform', 'passthrough'),
                ('binn', 'passthrough'), ('rem_outliers', 'passthrough'),
                ('cluster_all', 'passthrough'),
                ('dummy', Dummify(target='default')),
                ('fix_perfect', Remove_100(target='default')),
                ('clean_names', Clean_Colum_Names()),
                ('feature_select', 'passthrough'), ('fix_multi', 'passthrough'),
                ('dfs', 'passthrough'), ('pca', 'passthrough')],
         verbose=False)
2021-03-20 11:45:46,431:INFO:setup() succesfully completed......................................
2021-03-20 11:45:52,043:INFO:Initializing compare_models()
2021-03-20 11:45:52,043:INFO:compare_models(display=None, verbose=True, groups=None, fit_kwargs=None, errors=ignore, turbo=True, budget_time=None, n_select=1, sort=Accuracy, cross_validation=True, round=4, fold=None, include=None, exclude=None)
2021-03-20 11:45:52,043:INFO:Checking exceptions
2021-03-20 11:45:52,044:INFO:Preparing display monitor
2021-03-20 11:45:52,045:INFO:Preparing display monitor
2021-03-20 11:45:52,077:INFO:Initializing Logistic Regression
2021-03-20 11:45:52,077:INFO:Total runtime is 0.0 minutes
2021-03-20 11:45:52,088:INFO:SubProcess create_model() called ==================================
2021-03-20 11:45:52,088:INFO:Initializing create_model()
2021-03-20 11:45:52,088:INFO:create_model(kwargs={}, display=<pycaret.internal.Display.Display object at 0x00000205C3712400>, metrics=None, system=False, verbose=False, refit=False, groups=None, fit_kwargs={}, predict=True, cross_validation=True, round=4, fold=StratifiedKFold(n_splits=10, random_state=None, shuffle=False), estimator=lr)
2021-03-20 11:45:52,088:INFO:Checking exceptions
2021-03-20 11:45:52,088:INFO:Importing libraries
2021-03-20 11:45:52,088:INFO:Copying training dataset
2021-03-20 11:45:52,090:INFO:Defining folds
2021-03-20 11:45:52,091:INFO:Declaring metric variables
2021-03-20 11:45:52,098:INFO:Importing untrained model
2021-03-20 11:45:52,107:INFO:Logistic Regression Imported succesfully
2021-03-20 11:45:52,122:INFO:Starting cross validation
2021-03-20 11:45:52,122:INFO:Cross validating with StratifiedKFold(n_splits=10, random_state=None, shuffle=False), n_jobs=-1
2021-03-20 11:45:57,675:INFO:Calculating mean and std
2021-03-20 11:45:57,677:INFO:Creating metrics dataframe
2021-03-20 11:45:57,686:INFO:Uploading results into container
2021-03-20 11:45:57,686:INFO:Uploading model into container now
2021-03-20 11:45:57,686:INFO:create_model_container: 1
2021-03-20 11:45:57,686:INFO:master_model_container: 1
2021-03-20 11:45:57,686:INFO:display_container: 2
2021-03-20 11:45:57,687:INFO:LogisticRegression(C=1.0, class_weight=None, dual=False, fit_intercept=True,
                   intercept_scaling=1, l1_ratio=None, max_iter=1000,
                   multi_class='auto', n_jobs=None, penalty='l2',
                   random_state=123, solver='lbfgs', tol=0.0001, verbose=0,
                   warm_start=False)
2021-03-20 11:45:57,687:INFO:create_model() succesfully completed......................................
2021-03-20 11:45:57,759:INFO:SubProcess create_model() end ==================================
2021-03-20 11:45:57,759:INFO:Creating metrics dataframe
2021-03-20 11:45:57,777:INFO:Initializing K Neighbors Classifier
2021-03-20 11:45:57,777:INFO:Total runtime is 0.09501316944758097 minutes
2021-03-20 11:45:57,786:INFO:SubProcess create_model() called ==================================
2021-03-20 11:45:57,787:INFO:Initializing create_model()
2021-03-20 11:45:57,787:INFO:create_model(kwargs={}, display=<pycaret.internal.Display.Display object at 0x00000205C3712400>, metrics=None, system=False, verbose=False, refit=False, groups=None, fit_kwargs={}, predict=True, cross_validation=True, round=4, fold=StratifiedKFold(n_splits=10, random_state=None, shuffle=False), estimator=knn)
2021-03-20 11:45:57,787:INFO:Checking exceptions
2021-03-20 11:45:57,787:INFO:Importing libraries
2021-03-20 11:45:57,787:INFO:Copying training dataset
2021-03-20 11:45:57,790:INFO:Defining folds
2021-03-20 11:45:57,790:INFO:Declaring metric variables
2021-03-20 11:45:57,798:INFO:Importing untrained model
2021-03-20 11:45:57,807:INFO:K Neighbors Classifier Imported succesfully
2021-03-20 11:45:57,826:INFO:Starting cross validation
2021-03-20 11:45:57,827:INFO:Cross validating with StratifiedKFold(n_splits=10, random_state=None, shuffle=False), n_jobs=-1
2021-03-20 11:46:01,407:INFO:Calculating mean and std
2021-03-20 11:46:01,409:INFO:Creating metrics dataframe
2021-03-20 11:46:01,418:INFO:Uploading results into container
2021-03-20 11:46:01,418:INFO:Uploading model into container now
2021-03-20 11:46:01,418:INFO:create_model_container: 2
2021-03-20 11:46:01,418:INFO:master_model_container: 2
2021-03-20 11:46:01,418:INFO:display_container: 2
2021-03-20 11:46:01,419:INFO:KNeighborsClassifier(algorithm='auto', leaf_size=30, metric='minkowski',
                     metric_params=None, n_jobs=-1, n_neighbors=5, p=2,
                     weights='uniform')
2021-03-20 11:46:01,419:INFO:create_model() succesfully completed......................................
2021-03-20 11:46:01,504:INFO:SubProcess create_model() end ==================================
2021-03-20 11:46:01,504:INFO:Creating metrics dataframe
2021-03-20 11:46:01,528:INFO:Initializing Naive Bayes
2021-03-20 11:46:01,528:INFO:Total runtime is 0.1575277288754781 minutes
2021-03-20 11:46:01,536:INFO:SubProcess create_model() called ==================================
2021-03-20 11:46:01,537:INFO:Initializing create_model()
2021-03-20 11:46:01,537:INFO:create_model(kwargs={}, display=<pycaret.internal.Display.Display object at 0x00000205C3712400>, metrics=None, system=False, verbose=False, refit=False, groups=None, fit_kwargs={}, predict=True, cross_validation=True, round=4, fold=StratifiedKFold(n_splits=10, random_state=None, shuffle=False), estimator=nb)
2021-03-20 11:46:01,537:INFO:Checking exceptions
2021-03-20 11:46:01,537:INFO:Importing libraries
2021-03-20 11:46:01,537:INFO:Copying training dataset
2021-03-20 11:46:01,540:INFO:Defining folds
2021-03-20 11:46:01,540:INFO:Declaring metric variables
2021-03-20 11:46:01,551:INFO:Importing untrained model
2021-03-20 11:46:01,560:INFO:Naive Bayes Imported succesfully
2021-03-20 11:46:01,577:INFO:Starting cross validation
2021-03-20 11:46:01,578:INFO:Cross validating with StratifiedKFold(n_splits=10, random_state=None, shuffle=False), n_jobs=-1
2021-03-20 11:46:01,850:INFO:Calculating mean and std
2021-03-20 11:46:01,852:INFO:Creating metrics dataframe
2021-03-20 11:46:01,861:INFO:Uploading results into container
2021-03-20 11:46:01,861:INFO:Uploading model into container now
2021-03-20 11:46:01,861:INFO:create_model_container: 3
2021-03-20 11:46:01,861:INFO:master_model_container: 3
2021-03-20 11:46:01,861:INFO:display_container: 2
2021-03-20 11:46:01,861:INFO:GaussianNB(priors=None, var_smoothing=1e-09)
2021-03-20 11:46:01,862:INFO:create_model() succesfully completed......................................
2021-03-20 11:46:01,944:INFO:SubProcess create_model() end ==================================
2021-03-20 11:46:01,944:INFO:Creating metrics dataframe
2021-03-20 11:46:01,970:INFO:Initializing Decision Tree Classifier
2021-03-20 11:46:01,970:INFO:Total runtime is 0.1648940881093343 minutes
2021-03-20 11:46:01,979:INFO:SubProcess create_model() called ==================================
2021-03-20 11:46:01,980:INFO:Initializing create_model()
2021-03-20 11:46:01,980:INFO:create_model(kwargs={}, display=<pycaret.internal.Display.Display object at 0x00000205C3712400>, metrics=None, system=False, verbose=False, refit=False, groups=None, fit_kwargs={}, predict=True, cross_validation=True, round=4, fold=StratifiedKFold(n_splits=10, random_state=None, shuffle=False), estimator=dt)
2021-03-20 11:46:01,980:INFO:Checking exceptions
2021-03-20 11:46:01,980:INFO:Importing libraries
2021-03-20 11:46:01,980:INFO:Copying training dataset
2021-03-20 11:46:01,982:INFO:Defining folds
2021-03-20 11:46:01,982:INFO:Declaring metric variables
2021-03-20 11:46:01,989:INFO:Importing untrained model
2021-03-20 11:46:01,996:INFO:Decision Tree Classifier Imported succesfully
2021-03-20 11:46:02,012:INFO:Starting cross validation
2021-03-20 11:46:02,012:INFO:Cross validating with StratifiedKFold(n_splits=10, random_state=None, shuffle=False), n_jobs=-1
2021-03-20 11:46:03,321:INFO:Calculating mean and std
2021-03-20 11:46:03,323:INFO:Creating metrics dataframe
2021-03-20 11:46:03,332:INFO:Uploading results into container
2021-03-20 11:46:03,332:INFO:Uploading model into container now
2021-03-20 11:46:03,332:INFO:create_model_container: 4
2021-03-20 11:46:03,332:INFO:master_model_container: 4
2021-03-20 11:46:03,332:INFO:display_container: 2
2021-03-20 11:46:03,333:INFO:DecisionTreeClassifier(ccp_alpha=0.0, class_weight=None, criterion='gini',
                       max_depth=None, max_features=None, max_leaf_nodes=None,
                       min_impurity_decrease=0.0, min_impurity_split=None,
                       min_samples_leaf=1, min_samples_split=2,
                       min_weight_fraction_leaf=0.0, presort='deprecated',
                       random_state=123, splitter='best')
2021-03-20 11:46:03,333:INFO:create_model() succesfully completed......................................
2021-03-20 11:46:03,404:INFO:SubProcess create_model() end ==================================
2021-03-20 11:46:03,404:INFO:Creating metrics dataframe
2021-03-20 11:46:03,427:INFO:Initializing SVM - Linear Kernel
2021-03-20 11:46:03,427:INFO:Total runtime is 0.18917710383733113 minutes
2021-03-20 11:46:03,436:INFO:SubProcess create_model() called ==================================
2021-03-20 11:46:03,437:INFO:Initializing create_model()
2021-03-20 11:46:03,437:INFO:create_model(kwargs={}, display=<pycaret.internal.Display.Display object at 0x00000205C3712400>, metrics=None, system=False, verbose=False, refit=False, groups=None, fit_kwargs={}, predict=True, cross_validation=True, round=4, fold=StratifiedKFold(n_splits=10, random_state=None, shuffle=False), estimator=svm)
2021-03-20 11:46:03,437:INFO:Checking exceptions
2021-03-20 11:46:03,437:INFO:Importing libraries
2021-03-20 11:46:03,437:INFO:Copying training dataset
2021-03-20 11:46:03,439:INFO:Defining folds
2021-03-20 11:46:03,440:INFO:Declaring metric variables
2021-03-20 11:46:03,448:INFO:Importing untrained model
2021-03-20 11:46:03,456:INFO:SVM - Linear Kernel Imported succesfully
2021-03-20 11:46:03,472:INFO:Starting cross validation
2021-03-20 11:46:03,473:INFO:Cross validating with StratifiedKFold(n_splits=10, random_state=None, shuffle=False), n_jobs=-1
2021-03-20 11:46:05,389:INFO:Calculating mean and std
2021-03-20 11:46:05,391:INFO:Creating metrics dataframe
2021-03-20 11:46:05,400:INFO:Uploading results into container
2021-03-20 11:46:05,400:INFO:Uploading model into container now
2021-03-20 11:46:05,400:INFO:create_model_container: 5
2021-03-20 11:46:05,401:INFO:master_model_container: 5
2021-03-20 11:46:05,401:INFO:display_container: 2
2021-03-20 11:46:05,402:INFO:SGDClassifier(alpha=0.0001, average=False, class_weight=None,
              early_stopping=False, epsilon=0.1, eta0=0.001, fit_intercept=True,
              l1_ratio=0.15, learning_rate='optimal', loss='hinge',
              max_iter=1000, n_iter_no_change=5, n_jobs=-1, penalty='l2',
              power_t=0.5, random_state=123, shuffle=True, tol=0.001,
              validation_fraction=0.1, verbose=0, warm_start=False)
2021-03-20 11:46:05,402:INFO:create_model() succesfully completed......................................
2021-03-20 11:46:05,470:INFO:SubProcess create_model() end ==================================
2021-03-20 11:46:05,470:INFO:Creating metrics dataframe
2021-03-20 11:46:05,491:INFO:Initializing Ridge Classifier
2021-03-20 11:46:05,491:INFO:Total runtime is 0.22356768051783243 minutes
2021-03-20 11:46:05,500:INFO:SubProcess create_model() called ==================================
2021-03-20 11:46:05,500:INFO:Initializing create_model()
2021-03-20 11:46:05,501:INFO:create_model(kwargs={}, display=<pycaret.internal.Display.Display object at 0x00000205C3712400>, metrics=None, system=False, verbose=False, refit=False, groups=None, fit_kwargs={}, predict=True, cross_validation=True, round=4, fold=StratifiedKFold(n_splits=10, random_state=None, shuffle=False), estimator=ridge)
2021-03-20 11:46:05,501:INFO:Checking exceptions
2021-03-20 11:46:05,501:INFO:Importing libraries
2021-03-20 11:46:05,501:INFO:Copying training dataset
2021-03-20 11:46:05,504:INFO:Defining folds
2021-03-20 11:46:05,504:INFO:Declaring metric variables
2021-03-20 11:46:05,512:INFO:Importing untrained model
2021-03-20 11:46:05,521:INFO:Ridge Classifier Imported succesfully
2021-03-20 11:46:05,535:INFO:Starting cross validation
2021-03-20 11:46:05,536:INFO:Cross validating with StratifiedKFold(n_splits=10, random_state=None, shuffle=False), n_jobs=-1
2021-03-20 11:46:06,006:INFO:Calculating mean and std
2021-03-20 11:46:06,007:INFO:Creating metrics dataframe
2021-03-20 11:46:06,016:INFO:Uploading results into container
2021-03-20 11:46:06,017:INFO:Uploading model into container now
2021-03-20 11:46:06,017:INFO:create_model_container: 6
2021-03-20 11:46:06,017:INFO:master_model_container: 6
2021-03-20 11:46:06,017:INFO:display_container: 2
2021-03-20 11:46:06,017:INFO:RidgeClassifier(alpha=1.0, class_weight=None, copy_X=True, fit_intercept=True,
                max_iter=None, normalize=False, random_state=123, solver='auto',
                tol=0.001)
2021-03-20 11:46:06,018:INFO:create_model() succesfully completed......................................
2021-03-20 11:46:06,085:INFO:SubProcess create_model() end ==================================
2021-03-20 11:46:06,086:INFO:Creating metrics dataframe
2021-03-20 11:46:06,108:INFO:Initializing Random Forest Classifier
2021-03-20 11:46:06,108:INFO:Total runtime is 0.2338581681251526 minutes
2021-03-20 11:46:06,117:INFO:SubProcess create_model() called ==================================
2021-03-20 11:46:06,117:INFO:Initializing create_model()
2021-03-20 11:46:06,117:INFO:create_model(kwargs={}, display=<pycaret.internal.Display.Display object at 0x00000205C3712400>, metrics=None, system=False, verbose=False, refit=False, groups=None, fit_kwargs={}, predict=True, cross_validation=True, round=4, fold=StratifiedKFold(n_splits=10, random_state=None, shuffle=False), estimator=rf)
2021-03-20 11:46:06,117:INFO:Checking exceptions
2021-03-20 11:46:06,117:INFO:Importing libraries
2021-03-20 11:46:06,117:INFO:Copying training dataset
2021-03-20 11:46:06,120:INFO:Defining folds
2021-03-20 11:46:06,120:INFO:Declaring metric variables
2021-03-20 11:46:06,127:INFO:Importing untrained model
2021-03-20 11:46:06,136:INFO:Random Forest Classifier Imported succesfully
2021-03-20 11:46:06,151:INFO:Starting cross validation
2021-03-20 11:46:06,151:INFO:Cross validating with StratifiedKFold(n_splits=10, random_state=None, shuffle=False), n_jobs=-1
2021-03-20 11:46:14,723:INFO:Calculating mean and std
2021-03-20 11:46:14,725:INFO:Creating metrics dataframe
2021-03-20 11:46:14,735:INFO:Uploading results into container
2021-03-20 11:46:14,735:INFO:Uploading model into container now
2021-03-20 11:46:14,735:INFO:create_model_container: 7
2021-03-20 11:46:14,735:INFO:master_model_container: 7
2021-03-20 11:46:14,735:INFO:display_container: 2
2021-03-20 11:46:14,736:INFO:RandomForestClassifier(bootstrap=True, ccp_alpha=0.0, class_weight=None,
                       criterion='gini', max_depth=None, max_features='auto',
                       max_leaf_nodes=None, max_samples=None,
                       min_impurity_decrease=0.0, min_impurity_split=None,
                       min_samples_leaf=1, min_samples_split=2,
                       min_weight_fraction_leaf=0.0, n_estimators=100,
                       n_jobs=-1, oob_score=False, random_state=123, verbose=0,
                       warm_start=False)
2021-03-20 11:46:14,737:INFO:create_model() succesfully completed......................................
2021-03-20 11:46:14,826:INFO:SubProcess create_model() end ==================================
2021-03-20 11:46:14,826:INFO:Creating metrics dataframe
2021-03-20 11:46:14,850:INFO:Initializing Quadratic Discriminant Analysis
2021-03-20 11:46:14,851:INFO:Total runtime is 0.379567543665568 minutes
2021-03-20 11:46:14,859:INFO:SubProcess create_model() called ==================================
2021-03-20 11:46:14,859:INFO:Initializing create_model()
2021-03-20 11:46:14,860:INFO:create_model(kwargs={}, display=<pycaret.internal.Display.Display object at 0x00000205C3712400>, metrics=None, system=False, verbose=False, refit=False, groups=None, fit_kwargs={}, predict=True, cross_validation=True, round=4, fold=StratifiedKFold(n_splits=10, random_state=None, shuffle=False), estimator=qda)
2021-03-20 11:46:14,860:INFO:Checking exceptions
2021-03-20 11:46:14,860:INFO:Importing libraries
2021-03-20 11:46:14,860:INFO:Copying training dataset
2021-03-20 11:46:14,862:INFO:Defining folds
2021-03-20 11:46:14,862:INFO:Declaring metric variables
2021-03-20 11:46:14,870:INFO:Importing untrained model
2021-03-20 11:46:14,879:INFO:Quadratic Discriminant Analysis Imported succesfully
2021-03-20 11:46:14,895:INFO:Starting cross validation
2021-03-20 11:46:14,896:INFO:Cross validating with StratifiedKFold(n_splits=10, random_state=None, shuffle=False), n_jobs=-1
2021-03-20 11:46:15,866:INFO:Calculating mean and std
2021-03-20 11:46:15,867:INFO:Creating metrics dataframe
2021-03-20 11:46:15,876:INFO:Uploading results into container
2021-03-20 11:46:15,876:INFO:Uploading model into container now
2021-03-20 11:46:15,876:INFO:create_model_container: 8
2021-03-20 11:46:15,876:INFO:master_model_container: 8
2021-03-20 11:46:15,876:INFO:display_container: 2
2021-03-20 11:46:15,877:INFO:QuadraticDiscriminantAnalysis(priors=None, reg_param=0.0,
                              store_covariance=False, tol=0.0001)
2021-03-20 11:46:15,877:INFO:create_model() succesfully completed......................................
2021-03-20 11:46:15,946:INFO:SubProcess create_model() end ==================================
2021-03-20 11:46:15,946:INFO:Creating metrics dataframe
2021-03-20 11:46:15,978:INFO:Initializing Ada Boost Classifier
2021-03-20 11:46:15,978:INFO:Total runtime is 0.39835828542709345 minutes
2021-03-20 11:46:15,987:INFO:SubProcess create_model() called ==================================
2021-03-20 11:46:15,988:INFO:Initializing create_model()
2021-03-20 11:46:15,988:INFO:create_model(kwargs={}, display=<pycaret.internal.Display.Display object at 0x00000205C3712400>, metrics=None, system=False, verbose=False, refit=False, groups=None, fit_kwargs={}, predict=True, cross_validation=True, round=4, fold=StratifiedKFold(n_splits=10, random_state=None, shuffle=False), estimator=ada)
2021-03-20 11:46:15,988:INFO:Checking exceptions
2021-03-20 11:46:15,988:INFO:Importing libraries
2021-03-20 11:46:15,988:INFO:Copying training dataset
2021-03-20 11:46:15,990:INFO:Defining folds
2021-03-20 11:46:15,991:INFO:Declaring metric variables
2021-03-20 11:46:15,997:INFO:Importing untrained model
2021-03-20 11:46:16,005:INFO:Ada Boost Classifier Imported succesfully
2021-03-20 11:46:16,022:INFO:Starting cross validation
2021-03-20 11:46:16,023:INFO:Cross validating with StratifiedKFold(n_splits=10, random_state=None, shuffle=False), n_jobs=-1
2021-03-20 11:46:20,389:INFO:Calculating mean and std
2021-03-20 11:46:20,390:INFO:Creating metrics dataframe
2021-03-20 11:46:20,398:INFO:Uploading results into container
2021-03-20 11:46:20,398:INFO:Uploading model into container now
2021-03-20 11:46:20,398:INFO:create_model_container: 9
2021-03-20 11:46:20,398:INFO:master_model_container: 9
2021-03-20 11:46:20,398:INFO:display_container: 2
2021-03-20 11:46:20,399:INFO:AdaBoostClassifier(algorithm='SAMME.R', base_estimator=None, learning_rate=1.0,
                   n_estimators=50, random_state=123)
2021-03-20 11:46:20,399:INFO:create_model() succesfully completed......................................
2021-03-20 11:46:20,466:INFO:SubProcess create_model() end ==================================
2021-03-20 11:46:20,467:INFO:Creating metrics dataframe
2021-03-20 11:46:20,486:INFO:Initializing Gradient Boosting Classifier
2021-03-20 11:46:20,486:INFO:Total runtime is 0.4734841426213582 minutes
2021-03-20 11:46:20,493:INFO:SubProcess create_model() called ==================================
2021-03-20 11:46:20,493:INFO:Initializing create_model()
2021-03-20 11:46:20,494:INFO:create_model(kwargs={}, display=<pycaret.internal.Display.Display object at 0x00000205C3712400>, metrics=None, system=False, verbose=False, refit=False, groups=None, fit_kwargs={}, predict=True, cross_validation=True, round=4, fold=StratifiedKFold(n_splits=10, random_state=None, shuffle=False), estimator=gbc)
2021-03-20 11:46:20,494:INFO:Checking exceptions
2021-03-20 11:46:20,494:INFO:Importing libraries
2021-03-20 11:46:20,494:INFO:Copying training dataset
2021-03-20 11:46:20,497:INFO:Defining folds
2021-03-20 11:46:20,497:INFO:Declaring metric variables
2021-03-20 11:46:20,505:INFO:Importing untrained model
2021-03-20 11:46:20,512:INFO:Gradient Boosting Classifier Imported succesfully
2021-03-20 11:46:20,526:INFO:Starting cross validation
2021-03-20 11:46:20,527:INFO:Cross validating with StratifiedKFold(n_splits=10, random_state=None, shuffle=False), n_jobs=-1
2021-03-20 11:46:40,719:INFO:Calculating mean and std
2021-03-20 11:46:40,721:INFO:Creating metrics dataframe
2021-03-20 11:46:40,732:INFO:Uploading results into container
2021-03-20 11:46:40,732:INFO:Uploading model into container now
2021-03-20 11:46:40,733:INFO:create_model_container: 10
2021-03-20 11:46:40,733:INFO:master_model_container: 10
2021-03-20 11:46:40,733:INFO:display_container: 2
2021-03-20 11:46:40,735:INFO:GradientBoostingClassifier(ccp_alpha=0.0, criterion='friedman_mse', init=None,
                           learning_rate=0.1, loss='deviance', max_depth=3,
                           max_features=None, max_leaf_nodes=None,
                           min_impurity_decrease=0.0, min_impurity_split=None,
                           min_samples_leaf=1, min_samples_split=2,
                           min_weight_fraction_leaf=0.0, n_estimators=100,
                           n_iter_no_change=None, presort='deprecated',
                           random_state=123, subsample=1.0, tol=0.0001,
                           validation_fraction=0.1, verbose=0,
                           warm_start=False)
2021-03-20 11:46:40,735:INFO:create_model() succesfully completed......................................
2021-03-20 11:46:40,804:INFO:SubProcess create_model() end ==================================
2021-03-20 11:46:40,804:INFO:Creating metrics dataframe
2021-03-20 11:46:40,823:INFO:Initializing Linear Discriminant Analysis
2021-03-20 11:46:40,823:INFO:Total runtime is 0.8124361276626586 minutes
2021-03-20 11:46:40,832:INFO:SubProcess create_model() called ==================================
2021-03-20 11:46:40,832:INFO:Initializing create_model()
2021-03-20 11:46:40,832:INFO:create_model(kwargs={}, display=<pycaret.internal.Display.Display object at 0x00000205C3712400>, metrics=None, system=False, verbose=False, refit=False, groups=None, fit_kwargs={}, predict=True, cross_validation=True, round=4, fold=StratifiedKFold(n_splits=10, random_state=None, shuffle=False), estimator=lda)
2021-03-20 11:46:40,832:INFO:Checking exceptions
2021-03-20 11:46:40,832:INFO:Importing libraries
2021-03-20 11:46:40,833:INFO:Copying training dataset
2021-03-20 11:46:40,835:INFO:Defining folds
2021-03-20 11:46:40,835:INFO:Declaring metric variables
2021-03-20 11:46:40,845:INFO:Importing untrained model
2021-03-20 11:46:40,857:INFO:Linear Discriminant Analysis Imported succesfully
2021-03-20 11:46:40,878:INFO:Starting cross validation
2021-03-20 11:46:40,879:INFO:Cross validating with StratifiedKFold(n_splits=10, random_state=None, shuffle=False), n_jobs=-1
2021-03-20 11:46:42,421:INFO:Calculating mean and std
2021-03-20 11:46:42,423:INFO:Creating metrics dataframe
2021-03-20 11:46:42,437:INFO:Uploading results into container
2021-03-20 11:46:42,437:INFO:Uploading model into container now
2021-03-20 11:46:42,437:INFO:create_model_container: 11
2021-03-20 11:46:42,438:INFO:master_model_container: 11
2021-03-20 11:46:42,438:INFO:display_container: 2
2021-03-20 11:46:42,439:INFO:LinearDiscriminantAnalysis(n_components=None, priors=None, shrinkage=None,
                           solver='svd', store_covariance=False, tol=0.0001)
2021-03-20 11:46:42,439:INFO:create_model() succesfully completed......................................
2021-03-20 11:46:42,505:INFO:SubProcess create_model() end ==================================
2021-03-20 11:46:42,505:INFO:Creating metrics dataframe
2021-03-20 11:46:42,524:INFO:Initializing Extra Trees Classifier
2021-03-20 11:46:42,524:INFO:Total runtime is 0.8407939553260803 minutes
2021-03-20 11:46:42,532:INFO:SubProcess create_model() called ==================================
2021-03-20 11:46:42,532:INFO:Initializing create_model()
2021-03-20 11:46:42,532:INFO:create_model(kwargs={}, display=<pycaret.internal.Display.Display object at 0x00000205C3712400>, metrics=None, system=False, verbose=False, refit=False, groups=None, fit_kwargs={}, predict=True, cross_validation=True, round=4, fold=StratifiedKFold(n_splits=10, random_state=None, shuffle=False), estimator=et)
2021-03-20 11:46:42,533:INFO:Checking exceptions
2021-03-20 11:46:42,533:INFO:Importing libraries
2021-03-20 11:46:42,533:INFO:Copying training dataset
2021-03-20 11:46:42,535:INFO:Defining folds
2021-03-20 11:46:42,536:INFO:Declaring metric variables
2021-03-20 11:46:42,545:INFO:Importing untrained model
2021-03-20 11:46:42,556:INFO:Extra Trees Classifier Imported succesfully
2021-03-20 11:46:42,576:INFO:Starting cross validation
2021-03-20 11:46:42,576:INFO:Cross validating with StratifiedKFold(n_splits=10, random_state=None, shuffle=False), n_jobs=-1
2021-03-20 11:46:50,643:INFO:Calculating mean and std
2021-03-20 11:46:50,645:INFO:Creating metrics dataframe
2021-03-20 11:46:50,654:INFO:Uploading results into container
2021-03-20 11:46:50,654:INFO:Uploading model into container now
2021-03-20 11:46:50,654:INFO:create_model_container: 12
2021-03-20 11:46:50,654:INFO:master_model_container: 12
2021-03-20 11:46:50,654:INFO:display_container: 2
2021-03-20 11:46:50,655:INFO:ExtraTreesClassifier(bootstrap=False, ccp_alpha=0.0, class_weight=None,
                     criterion='gini', max_depth=None, max_features='auto',
                     max_leaf_nodes=None, max_samples=None,
                     min_impurity_decrease=0.0, min_impurity_split=None,
                     min_samples_leaf=1, min_samples_split=2,
                     min_weight_fraction_leaf=0.0, n_estimators=100, n_jobs=-1,
                     oob_score=False, random_state=123, verbose=0,
                     warm_start=False)
2021-03-20 11:46:50,655:INFO:create_model() succesfully completed......................................
2021-03-20 11:46:50,724:INFO:SubProcess create_model() end ==================================
2021-03-20 11:46:50,724:INFO:Creating metrics dataframe
2021-03-20 11:46:50,746:INFO:Initializing Extreme Gradient Boosting
2021-03-20 11:46:50,746:INFO:Total runtime is 0.9778289278348287 minutes
2021-03-20 11:46:50,755:INFO:SubProcess create_model() called ==================================
2021-03-20 11:46:50,756:INFO:Initializing create_model()
2021-03-20 11:46:50,756:INFO:create_model(kwargs={}, display=<pycaret.internal.Display.Display object at 0x00000205C3712400>, metrics=None, system=False, verbose=False, refit=False, groups=None, fit_kwargs={}, predict=True, cross_validation=True, round=4, fold=StratifiedKFold(n_splits=10, random_state=None, shuffle=False), estimator=xgboost)
2021-03-20 11:46:50,756:INFO:Checking exceptions
2021-03-20 11:46:50,756:INFO:Importing libraries
2021-03-20 11:46:50,756:INFO:Copying training dataset
2021-03-20 11:46:50,758:INFO:Defining folds
2021-03-20 11:46:50,759:INFO:Declaring metric variables
2021-03-20 11:46:50,767:INFO:Importing untrained model
2021-03-20 11:46:50,776:INFO:Extreme Gradient Boosting Imported succesfully
2021-03-20 11:46:50,790:INFO:Starting cross validation
2021-03-20 11:46:50,792:INFO:Cross validating with StratifiedKFold(n_splits=10, random_state=None, shuffle=False), n_jobs=-1
